<?xml version="1.0" encoding="UTF-8"?>
<!-- Generated by org.testng.reporters.JUnitReportReporter -->
<testsuite hostname="LAPTOP-HBQQ1KH2" failures="0" tests="3" name="com.Testcomponent.Tc_004_LoginPage" time="218.022" errors="0" timestamp="2023-06-22T21:54:02 IST" skipped="0">
  <testcase classname="com.Testcomponent.Tc_004_LoginPage" name="valid_username_Password" time="72.011"/>
  <system-out/>
  <testcase classname="com.Testcomponent.Tc_004_LoginPage" name="blank_Username_Password" time="73.191"/>
  <system-out/>
  <testcase classname="com.Testcomponent.Tc_004_LoginPage" name="inValidUsername_InvalidPassword" time="72.820"/>
  <system-out/>
</testsuite> <!-- com.Testcomponent.Tc_004_LoginPage -->
