<?xml version="1.0" encoding="UTF-8"?>
<!-- Generated by org.testng.reporters.JUnitReportReporter -->
<testsuite hostname="LAPTOP-HBQQ1KH2" failures="0" tests="1" name="com.Testcomponent.Tc_001_SignUp" time="43.579" errors="0" timestamp="2023-06-22T21:18:11 IST" skipped="0">
  <testcase classname="com.Testcomponent.Tc_001_SignUp" name="Valid_credentials" time="43.579"/>
  <system-out/>
</testsuite> <!-- com.Testcomponent.Tc_001_SignUp -->
