<?xml version="1.0" encoding="UTF-8"?>
<!-- Generated by org.testng.reporters.JUnitReportReporter -->
<testsuite hostname="LAPTOP-HBQQ1KH2" failures="0" tests="1" name="com.Testcomponent.Regression_Testing" time="107.725" errors="0" timestamp="2023-06-22T22:59:16 IST" skipped="0">
  <testcase classname="com.Testcomponent.Regression_Testing" name="booking_validation" time="107.725"/>
  <system-out/>
</testsuite> <!-- com.Testcomponent.Regression_Testing -->
