<?xml version="1.0" encoding="UTF-8"?>
<!-- Generated by org.testng.reporters.JUnitReportReporter -->
<testsuite hostname="LAPTOP-HBQQ1KH2" failures="0" tests="1" name="com.Testcomponent.Tc_005_BookingPage" time="106.049" errors="0" timestamp="2023-06-22T22:08:57 IST" skipped="0">
  <testcase classname="com.Testcomponent.Tc_005_BookingPage" name="booking_validation" time="106.049"/>
  <system-out/>
</testsuite> <!-- com.Testcomponent.Tc_005_BookingPage -->
